C51 COMPILER V9.56.0.0   GPIO                                                              05/28/2021 21:27:22 PAGE 1   


C51 COMPILER V9.56.0.0, COMPILATION OF MODULE GPIO
OBJECT MODULE PLACED IN .\Objects\GPIO.obj
COMPILER INVOKED BY: C:\Keil_v5\C51\BIN\C51.EXE GPIO.c OPTIMIZE(8,SPEED) BROWSE DEBUG OBJECTEXTEND PRINT(.\Listings\GPIO
                    -.lst) TABS(2) OBJECT(.\Objects\GPIO.obj)

line level    source

   1          #include "STC8F2K.h"
   2          #include "intrins.h"
   3          
   4          #include "bsp_delay.h"
   5          
   6          
   7          //sfr     P2M0        =   0x96;
   8          //sfr     P2M1        =   0x95;
   9          
  10          
  11          void main()
  12          {
  13   1          P2M0 = 0xff;                                //设置P1.0~P1.7为推挽输出模式
  14   1          P2M1 = 0x00;
  15   1        
  16   1          P26 = 1;                                    //P0.0口输出高电平
  17   1          P26 = 0;                                    //P0.0口输出低电平
  18   1      
  19   1      
  20   1      
  21   1          while (1)
  22   1          {
  23   2            P26 = 1;   
  24   2            Delay1000ms();
  25   2            P26 = 0;   
  26   2            Delay1000ms();
  27   2            
  28   2          }
  29   1      }
  30          


MODULE INFORMATION:   STATIC OVERLAYABLE
   CODE SIZE        =     22    ----
   CONSTANT SIZE    =   ----    ----
   XDATA SIZE       =   ----    ----
   PDATA SIZE       =   ----    ----
   DATA SIZE        =   ----    ----
   IDATA SIZE       =   ----    ----
   BIT SIZE         =   ----    ----
END OF MODULE INFORMATION.


C51 COMPILATION COMPLETE.  0 WARNING(S),  0 ERROR(S)
