C51 COMPILER V9.56.0.0   MAIN                                                              10/18/2019 20:36:22 PAGE 1   


C51 COMPILER V9.56.0.0, COMPILATION OF MODULE MAIN
OBJECT MODULE PLACED IN .\Objects\main.obj
COMPILER INVOKED BY: C:\Keil_v5_c51\C51\BIN\C51.EXE main.c OPTIMIZE(8,SPEED) BROWSE DEBUG OBJECTEXTEND PRINT(.\Listings\
                    -main.lst) TABS(2) OBJECT(.\Objects\main.obj)

line level    source

   1          #include "STC15W.h"
   2          #include "intrins.h"
   3          
   4          sbit relay = P3^2;
   5          
   6          
   7          void Delay100ms()   //@11.0592MHz
   8          {
   9   1        unsigned char i, j, k;
  10   1      
  11   1        _nop_();
  12   1        _nop_();
  13   1        i = 5;
  14   1        j = 52;
  15   1        k = 195;
  16   1        do
  17   1        {
  18   2          do
  19   2          {
  20   3            while (--k);
  21   3          } while (--j);
  22   2        } while (--i);
  23   1      }
  24          
  25          
  26          
  27          void delay(int i)
  28            {
  29   1        while(i) {
  30   2          Delay100ms(); i--;
  31   2        }
  32   1      }
  33            
  34          void main (void)
  35          {   
  36   1          P12 = 0;
  37   1          while(1){
  38   2            
  39   2      //      P13 = 1;
  40   2      //      P55 = 1;
  41   2      //      P33 = 1; 
  42   2      //      P10 = 1;
  43   2      //      P11 = 1;
  44   2      //      P14 = 1;
  45   2      //      P32 = 1; 
  46   2      //      P37 = 1;
  47   2            delay(10);
  48   2            
  49   2            P13 = 0;
  50   2            P55 = 0;
  51   2            P33 = 0; 
  52   2            P10 = 1;
  53   2            P11 = 0;
  54   2            P14 = 0;
C51 COMPILER V9.56.0.0   MAIN                                                              10/18/2019 20:36:22 PAGE 2   

  55   2            P32 = 0; 
  56   2            P37 = 0;
  57   2            
  58   2            delay(10);
  59   2          }
  60   1      
  61   1      }


MODULE INFORMATION:   STATIC OVERLAYABLE
   CODE SIZE        =     68    ----
   CONSTANT SIZE    =   ----    ----
   XDATA SIZE       =   ----    ----
   PDATA SIZE       =   ----    ----
   DATA SIZE        =   ----    ----
   IDATA SIZE       =   ----    ----
   BIT SIZE         =   ----    ----
END OF MODULE INFORMATION.


C51 COMPILATION COMPLETE.  0 WARNING(S),  0 ERROR(S)
